<?xml version="1.0" encoding="UTF-8"?>
<!-- Generated by org.testng.reporters.JUnitReportReporter -->
<testsuite hostname="LAPTOP-PU8VKKP8" failures="0" tests="24" name="testNG.SwagLogin" time="41.451" errors="0" timestamp="2022-07-10T00:05:26 IST" skipped="0">
  <testcase classname="testNG.SwagLogin" name="LaunchURL" time="0.269"/>
  <system-out/>
  <testcase classname="testNG.SwagLogin" name="LaunchURL" time="0.051"/>
  <system-out/>
  <testcase classname="testNG.SwagLogin" name="LaunchURL" time="0.054"/>
  <system-out/>
  <testcase classname="testNG.SwagLogin" name="EnterDetails" time="0.224"/>
  <system-out/>
  <testcase classname="testNG.SwagLogin" name="EnterDetails" time="0.233"/>
  <system-out/>
  <testcase classname="testNG.SwagLogin" name="EnterDetails" time="0.367"/>
  <system-out/>
  <testcase classname="testNG.SwagLogin" name="ProductClick" time="1.154"/>
  <system-out/>
  <testcase classname="testNG.SwagLogin" name="ProductClick" time="1.682"/>
  <system-out/>
  <testcase classname="testNG.SwagLogin" name="ProductClick" time="1.153"/>
  <system-out/>
  <testcase classname="testNG.SwagLogin" name="BackActions" time="1.055"/>
  <system-out/>
  <testcase classname="testNG.SwagLogin" name="BackActions" time="1.249"/>
  <system-out/>
  <testcase classname="testNG.SwagLogin" name="BackActions" time="1.076"/>
  <system-out/>
  <testcase classname="testNG.SwagLogin" name="LogOutAction" time="4.189"/>
  <system-out/>
  <testcase classname="testNG.SwagLogin" name="LogOutAction" time="4.206"/>
  <system-out/>
  <testcase classname="testNG.SwagLogin" name="LogOutAction" time="4.471"/>
  <system-out/>
  <testcase classname="testNG.SwagLogin" name="Invaliddata" time="2.173"/>
  <system-out/>
  <testcase classname="testNG.SwagLogin" name="Invaliddata" time="2.323"/>
  <system-out/>
  <testcase classname="testNG.SwagLogin" name="Invaliddata" time="2.290"/>
  <system-out/>
  <testcase classname="testNG.SwagLogin" name="Invaliddata" time="2.307"/>
  <system-out/>
  <testcase classname="testNG.SwagLogin" name="Invaliddata" time="2.232"/>
  <system-out/>
  <testcase classname="testNG.SwagLogin" name="Invaliddata" time="2.152"/>
  <system-out/>
  <testcase classname="testNG.SwagLogin" name="Invaliddata" time="2.219"/>
  <system-out/>
  <testcase classname="testNG.SwagLogin" name="Invaliddata" time="2.161"/>
  <system-out/>
  <testcase classname="testNG.SwagLogin" name="Invaliddata" time="2.161"/>
  <system-out/>
</testsuite> <!-- testNG.SwagLogin -->
