<?xml version="1.0" encoding="UTF-8"?>
<!-- Generated by org.testng.reporters.JUnitReportReporter -->
<testsuite hostname="LAPTOP-PU8VKKP8" failures="0" tests="2" name="test.SwgLabTesting" time="39.664" errors="0" timestamp="2022-07-06T17:22:19 IST" skipped="0">
  <testcase classname="test.SwgLabTesting" name="tearDown" time="8.973"/>
  <system-out/>
  <testcase classname="test.SwgLabTesting" name="loginTest" time="30.691"/>
  <system-out/>
</testsuite> <!-- test.SwgLabTesting -->
